[    2129ms] [LOG] 00:14:02:65 %cAgora-SDK [INFO]: color: #1E88E5; font-weight: bold; browser compatibility {"getDisplayMedia":true,"getStreamFromExtension":true,"supportUnifiedPlan":true,"supportMinBitrate":true,"supportSetRtpSenderParameters":true,"supportDualStream":true,"webAudioMediaStreamDest":true,"supportReplaceTrack":true,"supportWebGL":true,"webAudioWithAEC":false,"supportRequestFrame":true,"supportShareAudio":true,"supportDualStreamEncoding":false,"supportDataChannel":true,"supportPCSetConfiguration":true,"supportWebRTCEncodedTransform":true,"supportWebRTCInsertableStream":true,"supportRequestVideoFrameCallback":true,"supportWebCrypto":true} {"name":"Chrome","version":"147","os":"Mac OS","osVersion":"10.15.7","browserVersion":"147.0.0.0"} @ https://download.agora.io/sdk/release/iris-web-rtc_n450_w4220_0.8.6.js:0
[    2875ms] [LOG] 🚀 Starting White Mirror... @ https://app.whitemirrorjournal.com/main.dart.js:39570
[    2875ms] [LOG] 📦 LocalStorage: Initializing Hive... @ https://app.whitemirrorjournal.com/main.dart.js:39570
[    2876ms] [LOG] ✅ LocalStorage: Hive initialized. @ https://app.whitemirrorjournal.com/main.dart.js:39570
[    2876ms] [LOG] 📦 LocalStorage: Opening box "entries_box"... @ https://app.whitemirrorjournal.com/main.dart.js:39570
[    2892ms] [LOG] Got object store box in database entries_box. @ https://app.whitemirrorjournal.com/main.dart.js:39570
[    2895ms] [LOG] ✅ LocalStorage: Box "entries_box" opened. @ https://app.whitemirrorjournal.com/main.dart.js:39570
[    2895ms] [LOG] 📦 LocalStorage: Opening box "sync_queue_box"... @ https://app.whitemirrorjournal.com/main.dart.js:39570
[    2895ms] [LOG] Got object store box in database sync_queue_box. @ https://app.whitemirrorjournal.com/main.dart.js:39570
[    2896ms] [LOG] ✅ LocalStorage: Box "sync_queue_box" opened. @ https://app.whitemirrorjournal.com/main.dart.js:39570
[    2896ms] [LOG] 📦 LocalStorage: Opening box "settings_box"... @ https://app.whitemirrorjournal.com/main.dart.js:39570
[    2896ms] [LOG] Got object store box in database settings_box. @ https://app.whitemirrorjournal.com/main.dart.js:39570
[    2896ms] [LOG] ✅ LocalStorage: Box "settings_box" opened. @ https://app.whitemirrorjournal.com/main.dart.js:39570
[    2896ms] [LOG] ✅ LocalStorage: All boxes ready. @ https://app.whitemirrorjournal.com/main.dart.js:39570
[    2896ms] [LOG] 🔥 Initializing Supabase... @ https://app.whitemirrorjournal.com/main.dart.js:39570
[    2899ms] [LOG] 🔄 Starting Sync Service... @ https://app.whitemirrorjournal.com/main.dart.js:39570
[    2899ms] [LOG] ✅ App Ready! @ https://app.whitemirrorjournal.com/main.dart.js:39570
[    2915ms] [LOG] ROUTER: [GUEST] -> / (Session: None) @ https://app.whitemirrorjournal.com/main.dart.js:39570
[    2917ms] [LOG] ROUTER: [GUEST] -> / (Session: None) @ https://app.whitemirrorjournal.com/main.dart.js:39570
[    2917ms] [LOG] ROUTER: Slash Redirect check. Session: false @ https://app.whitemirrorjournal.com/main.dart.js:39570
[    2917ms] [LOG] ROUTER: No session at Slash, go to onboarding @ https://app.whitemirrorjournal.com/main.dart.js:39570
[    2917ms] [LOG] ROUTER: Slash Redirect check. Session: false @ https://app.whitemirrorjournal.com/main.dart.js:39570
[    2917ms] [LOG] ROUTER: No session at Slash, go to onboarding @ https://app.whitemirrorjournal.com/main.dart.js:39570
[    2918ms] [LOG] ROUTER: [GUEST] -> /onboarding (Session: None) @ https://app.whitemirrorjournal.com/main.dart.js:39570
[    2918ms] [LOG] ROUTER: [GUEST] -> /onboarding (Session: None) @ https://app.whitemirrorjournal.com/main.dart.js:39570
[    7736ms] [ERROR] Failed to load resource: the server responded with a status of 403 () @ https://ipwho.is/:0
